AntennaPod/AntennaPod/playback/service/build/intermediates/manifest_merge_blame_file/freeDebug/manifest-merger-blame-free-debug-report.txt
1<?xml version="1.0" encoding="utf-8"?>
2<manifest xmlns:android="http://schemas.android.com/apk/res/android"
3    xmlns:tools="http://schemas.android.com/tools"
4    package="de.danoeh.antennapod.playback.service" >
5
6    <uses-sdk android:minSdkVersion="21" />
7
8    <uses-permission android:name="android.permission.INTERNET" />
8-->src\main\AndroidManifest.xml:4:5-67
8-->src\main\AndroidManifest.xml:4:22-64
9    <uses-permission android:name="android.permission.WAKE_LOCK" />
9-->src\main\AndroidManifest.xml:5:5-68
9-->src\main\AndroidManifest.xml:5:22-65
10    <uses-permission android:name="android.permission.ACCESS_NETWORK_STATE" />
10-->src\main\AndroidManifest.xml:6:5-79
10-->src\main\AndroidManifest.xml:6:22-76
11    <uses-permission android:name="android.permission.ACCESS_WIFI_STATE" />
11-->src\main\AndroidManifest.xml:7:5-76
11-->src\main\AndroidManifest.xml:7:22-73
12    <uses-permission android:name="android.permission.RECEIVE_BOOT_COMPLETED" />
12-->src\main\AndroidManifest.xml:8:5-81
12-->src\main\AndroidManifest.xml:8:22-78
13    <uses-permission android:name="android.permission.BLUETOOTH" />
13-->src\main\AndroidManifest.xml:9:5-68
13-->src\main\AndroidManifest.xml:9:22-65
14    <uses-permission android:name="android.permission.VIBRATE" />
14-->src\main\AndroidManifest.xml:10:5-66
14-->src\main\AndroidManifest.xml:10:22-63
15    <uses-permission android:name="android.permission.POST_NOTIFICATIONS" />
15-->src\main\AndroidManifest.xml:11:5-77
15-->src\main\AndroidManifest.xml:11:22-74
16    <uses-permission android:name="android.permission.FOREGROUND_SERVICE_MEDIA_PLAYBACK" />
16-->src\main\AndroidManifest.xml:12:5-92
16-->src\main\AndroidManifest.xml:12:22-89
17
18    <queries>
18-->src\main\AndroidManifest.xml:58:5-63:15
19        <intent>
19-->src\main\AndroidManifest.xml:59:9-62:18
20            <action android:name="android.intent.action.VIEW" />
20-->src\main\AndroidManifest.xml:60:13-65
20-->src\main\AndroidManifest.xml:60:21-62
21
22            <data android:scheme="https" />
22-->src\main\AndroidManifest.xml:61:13-44
22-->src\main\AndroidManifest.xml:61:19-41
23        </intent>
24    </queries>
25
26    <application
26-->src\main\AndroidManifest.xml:14:5-56:19
27        android:allowBackup="true"
27-->src\main\AndroidManifest.xml:15:9-35
28        android:icon="@mipmap/ic_launcher"
28-->src\main\AndroidManifest.xml:16:9-43
29        android:supportsRtl="true" >
29-->src\main\AndroidManifest.xml:17:9-35
30        <service
30-->src\main\AndroidManifest.xml:19:9-30:19
31            android:name="de.danoeh.antennapod.playback.service.PlaybackService"
31-->src\main\AndroidManifest.xml:19:18-86
32            android:enabled="true"
32-->src\main\AndroidManifest.xml:21:13-35
33            android:exported="true"
33-->src\main\AndroidManifest.xml:22:13-36
34            android:foregroundServiceType="mediaPlayback"
34-->src\main\AndroidManifest.xml:23:13-58
35            android:label="@string/app_name"
35-->src\main\AndroidManifest.xml:20:13-45
36            tools:ignore="ExportedService" >
36-->src\main\AndroidManifest.xml:24:13-43
37            <intent-filter>
37-->src\main\AndroidManifest.xml:26:13-29:29
38                <action android:name="android.media.browse.MediaBrowserService" />
38-->src\main\AndroidManifest.xml:27:17-82
38-->src\main\AndroidManifest.xml:27:25-80
39                <action android:name="de.danoeh.antennapod.intents.PLAYBACK_SERVICE" />
39-->src\main\AndroidManifest.xml:28:17-88
39-->src\main\AndroidManifest.xml:28:25-85
40            </intent-filter>
41        </service>
42
43        <receiver
43-->src\main\AndroidManifest.xml:32:9-41:20
44            android:name="de.danoeh.antennapod.playback.service.MediaButtonReceiver"
44-->src\main\AndroidManifest.xml:33:13-85
45            android:exported="true" >
45-->src\main\AndroidManifest.xml:34:13-36
46            <intent-filter>
46-->src\main\AndroidManifest.xml:35:13-37:29
47                <action android:name="android.intent.action.MEDIA_BUTTON" />
47-->src\main\AndroidManifest.xml:36:17-77
47-->src\main\AndroidManifest.xml:36:25-74
48            </intent-filter>
49            <intent-filter>
49-->src\main\AndroidManifest.xml:38:13-40:29
50                <action android:name="de.danoeh.antennapod.NOTIFY_BUTTON_RECEIVER" />
50-->src\main\AndroidManifest.xml:39:17-86
50-->src\main\AndroidManifest.xml:39:25-83
51            </intent-filter>
52        </receiver>
53
54        <service
54-->src\main\AndroidManifest.xml:43:9-55:19
55            android:name="de.danoeh.antennapod.playback.service.QuickSettingsTileService"
55-->src\main\AndroidManifest.xml:44:13-90
56            android:enabled="true"
56-->src\main\AndroidManifest.xml:45:13-35
57            android:exported="true"
57-->src\main\AndroidManifest.xml:46:13-36
58            android:icon="@drawable/ic_notification"
58-->src\main\AndroidManifest.xml:48:13-53
59            android:label="@string/app_name"
59-->src\main\AndroidManifest.xml:47:13-45
60            android:permission="android.permission.BIND_QUICK_SETTINGS_TILE" >
60-->src\main\AndroidManifest.xml:49:13-77
61            <intent-filter>
61-->src\main\AndroidManifest.xml:50:13-52:29
62                <action android:name="android.service.quicksettings.action.QS_TILE" />
62-->src\main\AndroidManifest.xml:51:17-87
62-->src\main\AndroidManifest.xml:51:25-84
63            </intent-filter>
64
65            <meta-data
65-->src\main\AndroidManifest.xml:53:13-104
66                android:name="android.service.quicksettings.ACTIVE_TILE"
66-->src\main\AndroidManifest.xml:53:24-80
67                android:value="true" />
67-->src\main\AndroidManifest.xml:53:81-101
68            <meta-data
68-->src\main\AndroidManifest.xml:54:13-108
69                android:name="android.service.quicksettings.TOGGLEABLE_TILE"
69-->src\main\AndroidManifest.xml:54:24-84
70                android:value="true" />
70-->src\main\AndroidManifest.xml:54:85-105
71        </service>
72    </application>
73
74</manifest>